0 silly input [ 'build' ]
1 silly flags { _: [ 'run' ],
1 silly flags   sort: true,
1 silly flags   stream: false,
1 silly flags   'only-updated': false,
1 silly flags   onlyUpdated: false,
1 silly flags   parallel: false,
1 silly flags   ignore: '@jupyterlab/(test-|example-|json)*',
1 silly flags   concurrency: 4,
1 silly flags   script: 'build',
1 silly flags   args: [] }
2 verbose rootPath /Users/grant/Sites/jupyter/jupyterlab
3 info version 2.0.0-rc.5
4 info versioning independent
5 silly existsSync /Users/grant/Sites/jupyter/jupyterlab/VERSION
6 info ignore @jupyterlab/(test-|example-|json)*
7 silly initialize attempt
8 silly initialize success
9 silly execute attempt
10 silly runScriptInDir build [] coreutils
11 silly getExecOpts { cwd: '/Users/grant/Sites/jupyter/jupyterlab/packages/coreutils' }
12 silly runScriptInDir build [] rendermime-interfaces
13 silly getExecOpts { cwd: '/Users/grant/Sites/jupyter/jupyterlab/packages/rendermime-interfaces' }
14 silly runScriptInDir build [] geojsonviewer
15 silly getExecOpts { cwd: '/Users/grant/Sites/jupyter/jupyterlab/packages/geojsonviewer' }
16 silly runScriptInDir build [] jsonviewer
17 silly getExecOpts { cwd: '/Users/grant/Sites/jupyter/jupyterlab/packages/jsonviewer' }
18 silly runScriptInDir build [] plotlyviewer
19 silly getExecOpts { cwd: '/Users/grant/Sites/jupyter/jupyterlab/packages/plotlyviewer' }
20 silly runScriptInDir build [] services
21 silly getExecOpts { cwd: '/Users/grant/Sites/jupyter/jupyterlab/packages/services' }
22 silly runScriptInDir build [] vega
23 silly getExecOpts { cwd: '/Users/grant/Sites/jupyter/jupyterlab/packages/vega' }
24 silly runScriptInDir build [] apputils
25 silly getExecOpts { cwd: '/Users/grant/Sites/jupyter/jupyterlab/packages/apputils' }
26 silly runScriptInDir build [] codeeditor
27 silly getExecOpts { cwd: '/Users/grant/Sites/jupyter/jupyterlab/packages/codeeditor' }
28 silly runScriptInDir build [] browser
29 silly getExecOpts { cwd: '/Users/grant/Sites/jupyter/jupyterlab/packages/services/examples/browser' }
30 silly runScriptInDir build [] application
31 silly getExecOpts { cwd: '/Users/grant/Sites/jupyter/jupyterlab/packages/application' }
32 silly runScriptInDir build [] codemirror
33 silly getExecOpts { cwd: '/Users/grant/Sites/jupyter/jupyterlab/packages/codemirror' }
34 silly runScriptInDir build [] completer
35 silly getExecOpts { cwd: '/Users/grant/Sites/jupyter/jupyterlab/packages/completer' }
36 silly runScriptInDir build [] launcher
37 silly getExecOpts { cwd: '/Users/grant/Sites/jupyter/jupyterlab/packages/launcher' }
38 silly runScriptInDir build [] running
39 silly getExecOpts { cwd: '/Users/grant/Sites/jupyter/jupyterlab/packages/running' }
40 silly runScriptInDir build [] terminal
41 silly getExecOpts { cwd: '/Users/grant/Sites/jupyter/jupyterlab/packages/terminal' }
42 silly runScriptInDir build [] terminal
43 silly getExecOpts { cwd: '/Users/grant/Sites/jupyter/jupyterlab/examples/terminal' }
44 silly runScriptInDir build [] application-extension
45 silly getExecOpts { cwd: '/Users/grant/Sites/jupyter/jupyterlab/packages/application-extension' }
46 silly runScriptInDir build [] apputils-extension
47 silly getExecOpts { cwd: '/Users/grant/Sites/jupyter/jupyterlab/packages/apputils-extension' }
48 silly runScriptInDir build [] faq-extension
49 silly getExecOpts { cwd: '/Users/grant/Sites/jupyter/jupyterlab/packages/faq-extension' }
50 error build Errored while running script in 'jupyterlab-example-terminal'
51 error execute Error: Command failed: npm run build
51 error execute
51 error execute npm ERR! Darwin 16.6.0
51 error execute npm ERR! argv "/usr/local/bin/iojs" "/usr/local/bin/npm" "run" "build"
51 error execute npm ERR! node v7.10.0
51 error execute npm ERR! npm  v4.2.0
51 error execute npm ERR! code ELIFECYCLE
51 error execute npm ERR! errno 1
51 error execute npm ERR! jupyterlab-example-terminal@0.7.0 build: `tsc --project src && webpack --config webpack.conf.js`
51 error execute npm ERR! Exit status 1
51 error execute npm ERR!
51 error execute npm ERR! Failed at the jupyterlab-example-terminal@0.7.0 build script 'tsc --project src && webpack --config webpack.conf.js'.
51 error execute npm ERR! Make sure you have the latest version of node.js and npm installed.
51 error execute npm ERR! If you do, this is most likely a problem with the jupyterlab-example-terminal package,
51 error execute npm ERR! not with npm itself.
51 error execute npm ERR! Tell the author that this fails on your system:
51 error execute npm ERR!     tsc --project src && webpack --config webpack.conf.js
51 error execute npm ERR! You can get information on how to open an issue for this project with:
51 error execute npm ERR!     npm bugs jupyterlab-example-terminal
51 error execute npm ERR! Or if that isn't available, you can get their info via:
51 error execute npm ERR!     npm owner ls jupyterlab-example-terminal
51 error execute npm ERR! There is likely additional logging output above.
51 error execute
51 error execute npm ERR! Please include the following file with any support request:
51 error execute npm ERR!     /Users/grant/.npm/_logs/2017-07-04T05_24_10_126Z-debug.log
51 error execute
51 error execute > jupyterlab-example-terminal@0.7.0 build /Users/grant/Sites/jupyter/jupyterlab/examples/terminal
51 error execute > tsc --project src && webpack --config webpack.conf.js
51 error execute
51 error execute src/index.ts(25,5): error TS2345: Argument of type '{ background: string; color: string; }' is not assignable to parameter of type 'IOptions'.
51 error execute   Object literal may only specify known properties, and 'background' does not exist in type 'IOptions'.
51 error execute src/index.ts(29,5): error TS2345: Argument of type '{ background: string; color: string; }' is not assignable to parameter of type 'IOptions'.
51 error execute   Object literal may only specify known properties, and 'background' does not exist in type 'IOptions'.
51 error execute
51 error execute     at Promise.all.then.arr (/usr/local/lib/node_modules/lerna/node_modules/execa/index.js:210:11)
51 error execute     at process._tickCallback (internal/process/next_tick.js:109:7)
51 error execute  callback with error
51 error execute  { Error: Command failed: npm run build
51 error execute
51 error execute npm ERR! Darwin 16.6.0
51 error execute npm ERR! argv "/usr/local/bin/iojs" "/usr/local/bin/npm" "run" "build"
51 error execute npm ERR! node v7.10.0
51 error execute npm ERR! npm  v4.2.0
51 error execute npm ERR! code ELIFECYCLE
51 error execute npm ERR! errno 1
51 error execute npm ERR! jupyterlab-example-terminal@0.7.0 build: `tsc --project src && webpack --config webpack.conf.js`
51 error execute npm ERR! Exit status 1
51 error execute npm ERR!
51 error execute npm ERR! Failed at the jupyterlab-example-terminal@0.7.0 build script 'tsc --project src && webpack --config webpack.conf.js'.
51 error execute npm ERR! Make sure you have the latest version of node.js and npm installed.
51 error execute npm ERR! If you do, this is most likely a problem with the jupyterlab-example-terminal package,
51 error execute npm ERR! not with npm itself.
51 error execute npm ERR! Tell the author that this fails on your system:
51 error execute npm ERR!     tsc --project src && webpack --config webpack.conf.js
51 error execute npm ERR! You can get information on how to open an issue for this project with:
51 error execute npm ERR!     npm bugs jupyterlab-example-terminal
51 error execute npm ERR! Or if that isn't available, you can get their info via:
51 error execute npm ERR!     npm owner ls jupyterlab-example-terminal
51 error execute npm ERR! There is likely additional logging output above.
51 error execute
51 error execute npm ERR! Please include the following file with any support request:
51 error execute npm ERR!     /Users/grant/.npm/_logs/2017-07-04T05_24_10_126Z-debug.log
51 error execute
51 error execute > jupyterlab-example-terminal@0.7.0 build /Users/grant/Sites/jupyter/jupyterlab/examples/terminal
51 error execute > tsc --project src && webpack --config webpack.conf.js
51 error execute
51 error execute src/index.ts(25,5): error TS2345: Argument of type '{ background: string; color: string; }' is not assignable to parameter of type 'IOptions'.
51 error execute   Object literal may only specify known properties, and 'background' does not exist in type 'IOptions'.
51 error execute src/index.ts(29,5): error TS2345: Argument of type '{ background: string; color: string; }' is not assignable to parameter of type 'IOptions'.
51 error execute   Object literal may only specify known properties, and 'background' does not exist in type 'IOptions'.
51 error execute
51 error execute     at Promise.all.then.arr (/usr/local/lib/node_modules/lerna/node_modules/execa/index.js:210:11)
51 error execute     at process._tickCallback (internal/process/next_tick.js:109:7)
51 error execute   code: 1,
51 error execute   killed: false,
51 error execute   stdout: '\n> jupyterlab-example-terminal@0.7.0 build /Users/grant/Sites/jupyter/jupyterlab/examples/terminal\n> tsc --project src && webpack --config webpack.conf.js\n\nsrc/index.ts(25,5): error TS2345: Argument of type \'{ background: string; color: string; }\' is not assignable to parameter of type \'IOptions\'.\n  Object literal may only specify known properties, and \'background\' does not exist in type \'IOptions\'.\nsrc/index.ts(29,5): error TS2345: Argument of type \'{ background: string; color: string; }\' is not assignable to parameter of type \'IOptions\'.\n  Object literal may only specify known properties, and \'background\' does not exist in type \'IOptions\'.\n',
51 error execute   stderr: '\nnpm ERR! Darwin 16.6.0\nnpm ERR! argv "/usr/local/bin/iojs" "/usr/local/bin/npm" "run" "build"\nnpm ERR! node v7.10.0\nnpm ERR! npm  v4.2.0\nnpm ERR! code ELIFECYCLE\nnpm ERR! errno 1\nnpm ERR! jupyterlab-example-terminal@0.7.0 build: `tsc --project src && webpack --config webpack.conf.js`\nnpm ERR! Exit status 1\nnpm ERR! \nnpm ERR! Failed at the jupyterlab-example-terminal@0.7.0 build script \'tsc --project src && webpack --config webpack.conf.js\'.\nnpm ERR! Make sure you have the latest version of node.js and npm installed.\nnpm ERR! If you do, this is most likely a problem with the jupyterlab-example-terminal package,\nnpm ERR! not with npm itself.\nnpm ERR! Tell the author that this fails on your system:\nnpm ERR!     tsc --project src && webpack --config webpack.conf.js\nnpm ERR! You can get information on how to open an issue for this project with:\nnpm ERR!     npm bugs jupyterlab-example-terminal\nnpm ERR! Or if that isn\'t available, you can get their info via:\nnpm ERR!     npm owner ls jupyterlab-example-terminal\nnpm ERR! There is likely additional logging output above.\n\nnpm ERR! Please include the following file with any support request:\nnpm ERR!     /Users/grant/.npm/_logs/2017-07-04T05_24_10_126Z-debug.log\n',
51 error execute   failed: true,
51 error execute   signal: null,
51 error execute   cmd: 'npm run build',
51 error execute   timedOut: false }
